2021-09-29 22:14:59.349  INFO FSSCHND1890 --- [  restartedMain] c.l.SpringLog4jPropertiesApplication     : Starting SpringLog4jPropertiesApplication using Java 1.8.0_221 on FSSCHND1890 with PID 13448 (E:\STS_WORKSPACE\Spring-Log4j-Properties\target\classes started by training5 in E:\STS_WORKSPACE\Spring-Log4j-Properties)
2021-09-29 22:14:59.355 DEBUG FSSCHND1890 --- [  restartedMain] c.l.SpringLog4jPropertiesApplication     : Running with Spring Boot v2.5.5, Spring v5.3.10
2021-09-29 22:14:59.356  INFO FSSCHND1890 --- [  restartedMain] c.l.SpringLog4jPropertiesApplication     : No active profile set, falling back to default profiles: default
2021-09-29 22:14:59.386  INFO FSSCHND1890 --- [  restartedMain] .e.DevToolsPropertyDefaultsPostProcessor : Devtools property defaults active! Set 'spring.devtools.add-properties' to 'false' to disable
2021-09-29 22:14:59.387  INFO FSSCHND1890 --- [  restartedMain] .e.DevToolsPropertyDefaultsPostProcessor : For additional web related logging consider setting the 'logging.level.web' property to 'DEBUG'
2021-09-29 22:14:59.950  INFO FSSCHND1890 --- [  restartedMain] o.s.b.w.e.t.TomcatWebServer              : Tomcat initialized with port(s): 8080 (http)
2021-09-29 22:14:59.962  INFO FSSCHND1890 --- [  restartedMain] o.a.c.h.Http11NioProtocol                : Initializing ProtocolHandler ["http-nio-8080"]
2021-09-29 22:14:59.963  INFO FSSCHND1890 --- [  restartedMain] o.a.c.c.StandardService                  : Starting service [Tomcat]
2021-09-29 22:14:59.963  INFO FSSCHND1890 --- [  restartedMain] o.a.c.c.StandardEngine                   : Starting Servlet engine: [Apache Tomcat/9.0.53]
2021-09-29 22:15:00.015  INFO FSSCHND1890 --- [  restartedMain] o.a.c.c.C.[.[.[/]                        : Initializing Spring embedded WebApplicationContext
2021-09-29 22:15:00.015  INFO FSSCHND1890 --- [  restartedMain] w.s.c.ServletWebServerApplicationContext : Root WebApplicationContext: initialization completed in 628 ms
2021-09-29 22:15:00.274  INFO FSSCHND1890 --- [  restartedMain] o.s.b.d.a.OptionalLiveReloadServer       : LiveReload server is running on port 35729
2021-09-29 22:15:00.282  INFO FSSCHND1890 --- [  restartedMain] o.a.c.h.Http11NioProtocol                : Starting ProtocolHandler ["http-nio-8080"]
2021-09-29 22:15:00.307  INFO FSSCHND1890 --- [  restartedMain] o.s.b.w.e.t.TomcatWebServer              : Tomcat started on port(s): 8080 (http) with context path ''
2021-09-29 22:15:00.313  INFO FSSCHND1890 --- [  restartedMain] c.l.SpringLog4jPropertiesApplication     : Started SpringLog4jPropertiesApplication in 1.239 seconds (JVM running for 3.128)
2021-09-29 22:17:18.034  INFO FSSCHND1890 --- [  restartedMain] c.l.SpringLog4jPropertiesApplication     : Starting SpringLog4jPropertiesApplication using Java 1.8.0_221 on FSSCHND1890 with PID 13448 (E:\STS_WORKSPACE\Spring-Log4j-Properties\target\classes started by training5 in E:\STS_WORKSPACE\Spring-Log4j-Properties)
2021-09-29 22:17:18.035 DEBUG FSSCHND1890 --- [  restartedMain] c.l.SpringLog4jPropertiesApplication     : Running with Spring Boot v2.5.5, Spring v5.3.10
2021-09-29 22:17:18.035  INFO FSSCHND1890 --- [  restartedMain] c.l.SpringLog4jPropertiesApplication     : No active profile set, falling back to default profiles: default
2021-09-29 22:17:18.158  INFO FSSCHND1890 --- [  restartedMain] o.s.b.w.e.t.TomcatWebServer              : Tomcat initialized with port(s): 8080 (http)
2021-09-29 22:17:18.158  INFO FSSCHND1890 --- [  restartedMain] o.a.c.h.Http11NioProtocol                : Initializing ProtocolHandler ["http-nio-8080"]
2021-09-29 22:17:18.158  INFO FSSCHND1890 --- [  restartedMain] o.a.c.c.StandardService                  : Starting service [Tomcat]
2021-09-29 22:17:18.158  INFO FSSCHND1890 --- [  restartedMain] o.a.c.c.StandardEngine                   : Starting Servlet engine: [Apache Tomcat/9.0.53]
2021-09-29 22:17:18.167  INFO FSSCHND1890 --- [  restartedMain] o.a.c.c.C.[.[.[/]                        : Initializing Spring embedded WebApplicationContext
2021-09-29 22:17:18.167  INFO FSSCHND1890 --- [  restartedMain] w.s.c.ServletWebServerApplicationContext : Root WebApplicationContext: initialization completed in 129 ms
2021-09-29 22:17:18.205  INFO FSSCHND1890 --- [  restartedMain] o.s.b.d.a.OptionalLiveReloadServer       : LiveReload server is running on port 35729
2021-09-29 22:17:18.209  INFO FSSCHND1890 --- [  restartedMain] o.a.c.h.Http11NioProtocol                : Starting ProtocolHandler ["http-nio-8080"]
2021-09-29 22:17:18.210  INFO FSSCHND1890 --- [  restartedMain] o.s.b.w.e.t.TomcatWebServer              : Tomcat started on port(s): 8080 (http) with context path ''
2021-09-29 22:17:18.213  INFO FSSCHND1890 --- [  restartedMain] c.l.SpringLog4jPropertiesApplication     : Started SpringLog4jPropertiesApplication in 0.224 seconds (JVM running for 141.028)
2021-09-29 22:17:18.214  INFO FSSCHND1890 --- [  restartedMain] .ConditionEvaluationDeltaLoggingListener : Condition evaluation unchanged
2021-09-29 22:17:18.215 DEBUG FSSCHND1890 --- [  restartedMain] c.l.SpringLog4jPropertiesApplication     : App debug
2021-09-29 22:17:26.588  INFO FSSCHND1890 --- [  restartedMain] c.l.SpringLog4jPropertiesApplication     : Starting SpringLog4jPropertiesApplication using Java 1.8.0_221 on FSSCHND1890 with PID 13448 (E:\STS_WORKSPACE\Spring-Log4j-Properties\target\classes started by training5 in E:\STS_WORKSPACE\Spring-Log4j-Properties)
2021-09-29 22:17:26.589 DEBUG FSSCHND1890 --- [  restartedMain] c.l.SpringLog4jPropertiesApplication     : Running with Spring Boot v2.5.5, Spring v5.3.10
2021-09-29 22:17:26.589  INFO FSSCHND1890 --- [  restartedMain] c.l.SpringLog4jPropertiesApplication     : No active profile set, falling back to default profiles: default
2021-09-29 22:17:26.674  INFO FSSCHND1890 --- [  restartedMain] o.s.b.w.e.t.TomcatWebServer              : Tomcat initialized with port(s): 8080 (http)
2021-09-29 22:17:26.675  INFO FSSCHND1890 --- [  restartedMain] o.a.c.h.Http11NioProtocol                : Initializing ProtocolHandler ["http-nio-8080"]
2021-09-29 22:17:26.675  INFO FSSCHND1890 --- [  restartedMain] o.a.c.c.StandardService                  : Starting service [Tomcat]
2021-09-29 22:17:26.675  INFO FSSCHND1890 --- [  restartedMain] o.a.c.c.StandardEngine                   : Starting Servlet engine: [Apache Tomcat/9.0.53]
2021-09-29 22:17:26.685  INFO FSSCHND1890 --- [  restartedMain] o.a.c.c.C.[.[.[/]                        : Initializing Spring embedded WebApplicationContext
2021-09-29 22:17:26.685  INFO FSSCHND1890 --- [  restartedMain] w.s.c.ServletWebServerApplicationContext : Root WebApplicationContext: initialization completed in 95 ms
2021-09-29 22:17:26.720  INFO FSSCHND1890 --- [  restartedMain] o.s.b.d.a.OptionalLiveReloadServer       : LiveReload server is running on port 35729
2021-09-29 22:17:26.723  INFO FSSCHND1890 --- [  restartedMain] o.a.c.h.Http11NioProtocol                : Starting ProtocolHandler ["http-nio-8080"]
2021-09-29 22:17:26.725  INFO FSSCHND1890 --- [  restartedMain] o.s.b.w.e.t.TomcatWebServer              : Tomcat started on port(s): 8080 (http) with context path ''
2021-09-29 22:17:26.728  INFO FSSCHND1890 --- [  restartedMain] c.l.SpringLog4jPropertiesApplication     : Started SpringLog4jPropertiesApplication in 0.163 seconds (JVM running for 149.543)
2021-09-29 22:17:26.730  INFO FSSCHND1890 --- [  restartedMain] .ConditionEvaluationDeltaLoggingListener : Condition evaluation unchanged
2021-09-29 22:17:26.730 DEBUG FSSCHND1890 --- [  restartedMain] c.l.SpringLog4jPropertiesApplication     : App debug
2021-09-29 22:17:26.730  INFO FSSCHND1890 --- [  restartedMain] c.l.SpringLog4jPropertiesApplication     : App info
2021-09-29 22:17:39.087  INFO FSSCHND1890 --- [  restartedMain] c.l.SpringLog4jPropertiesApplication     : Starting SpringLog4jPropertiesApplication using Java 1.8.0_221 on FSSCHND1890 with PID 13448 (E:\STS_WORKSPACE\Spring-Log4j-Properties\target\classes started by training5 in E:\STS_WORKSPACE\Spring-Log4j-Properties)
2021-09-29 22:17:39.087 DEBUG FSSCHND1890 --- [  restartedMain] c.l.SpringLog4jPropertiesApplication     : Running with Spring Boot v2.5.5, Spring v5.3.10
2021-09-29 22:17:39.088  INFO FSSCHND1890 --- [  restartedMain] c.l.SpringLog4jPropertiesApplication     : No active profile set, falling back to default profiles: default
2021-09-29 22:17:39.183  INFO FSSCHND1890 --- [  restartedMain] o.s.b.w.e.t.TomcatWebServer              : Tomcat initialized with port(s): 8080 (http)
2021-09-29 22:17:39.183  INFO FSSCHND1890 --- [  restartedMain] o.a.c.h.Http11NioProtocol                : Initializing ProtocolHandler ["http-nio-8080"]
2021-09-29 22:17:39.184  INFO FSSCHND1890 --- [  restartedMain] o.a.c.c.StandardService                  : Starting service [Tomcat]
2021-09-29 22:17:39.184  INFO FSSCHND1890 --- [  restartedMain] o.a.c.c.StandardEngine                   : Starting Servlet engine: [Apache Tomcat/9.0.53]
2021-09-29 22:17:39.198  INFO FSSCHND1890 --- [  restartedMain] o.a.c.c.C.[.[.[/]                        : Initializing Spring embedded WebApplicationContext
2021-09-29 22:17:39.198  INFO FSSCHND1890 --- [  restartedMain] w.s.c.ServletWebServerApplicationContext : Root WebApplicationContext: initialization completed in 109 ms
2021-09-29 22:17:39.232  INFO FSSCHND1890 --- [  restartedMain] o.s.b.d.a.OptionalLiveReloadServer       : LiveReload server is running on port 35729
2021-09-29 22:17:39.235  INFO FSSCHND1890 --- [  restartedMain] o.a.c.h.Http11NioProtocol                : Starting ProtocolHandler ["http-nio-8080"]
2021-09-29 22:17:39.237  INFO FSSCHND1890 --- [  restartedMain] o.s.b.w.e.t.TomcatWebServer              : Tomcat started on port(s): 8080 (http) with context path ''
2021-09-29 22:17:39.240  INFO FSSCHND1890 --- [  restartedMain] c.l.SpringLog4jPropertiesApplication     : Started SpringLog4jPropertiesApplication in 0.175 seconds (JVM running for 162.055)
2021-09-29 22:17:39.242  INFO FSSCHND1890 --- [  restartedMain] .ConditionEvaluationDeltaLoggingListener : Condition evaluation unchanged
2021-09-29 22:17:39.242 DEBUG FSSCHND1890 --- [  restartedMain] c.l.SpringLog4jPropertiesApplication     : App debug
2021-09-29 22:17:39.242  INFO FSSCHND1890 --- [  restartedMain] c.l.SpringLog4jPropertiesApplication     : App info
2021-09-29 22:17:51.593  INFO FSSCHND1890 --- [  restartedMain] c.l.SpringLog4jPropertiesApplication     : Starting SpringLog4jPropertiesApplication using Java 1.8.0_221 on FSSCHND1890 with PID 13448 (E:\STS_WORKSPACE\Spring-Log4j-Properties\target\classes started by training5 in E:\STS_WORKSPACE\Spring-Log4j-Properties)
2021-09-29 22:17:51.593 DEBUG FSSCHND1890 --- [  restartedMain] c.l.SpringLog4jPropertiesApplication     : Running with Spring Boot v2.5.5, Spring v5.3.10
2021-09-29 22:17:51.594  INFO FSSCHND1890 --- [  restartedMain] c.l.SpringLog4jPropertiesApplication     : No active profile set, falling back to default profiles: default
2021-09-29 22:17:51.692  INFO FSSCHND1890 --- [  restartedMain] o.s.b.w.e.t.TomcatWebServer              : Tomcat initialized with port(s): 8080 (http)
2021-09-29 22:17:51.692  INFO FSSCHND1890 --- [  restartedMain] o.a.c.h.Http11NioProtocol                : Initializing ProtocolHandler ["http-nio-8080"]
2021-09-29 22:17:51.692  INFO FSSCHND1890 --- [  restartedMain] o.a.c.c.StandardService                  : Starting service [Tomcat]
2021-09-29 22:17:51.692  INFO FSSCHND1890 --- [  restartedMain] o.a.c.c.StandardEngine                   : Starting Servlet engine: [Apache Tomcat/9.0.53]
2021-09-29 22:17:51.702  INFO FSSCHND1890 --- [  restartedMain] o.a.c.c.C.[.[.[/]                        : Initializing Spring embedded WebApplicationContext
2021-09-29 22:17:51.702  INFO FSSCHND1890 --- [  restartedMain] w.s.c.ServletWebServerApplicationContext : Root WebApplicationContext: initialization completed in 107 ms
2021-09-29 22:17:51.733  INFO FSSCHND1890 --- [  restartedMain] o.s.b.d.a.OptionalLiveReloadServer       : LiveReload server is running on port 35729
2021-09-29 22:17:51.736  INFO FSSCHND1890 --- [  restartedMain] o.a.c.h.Http11NioProtocol                : Starting ProtocolHandler ["http-nio-8080"]
2021-09-29 22:17:51.737  INFO FSSCHND1890 --- [  restartedMain] o.s.b.w.e.t.TomcatWebServer              : Tomcat started on port(s): 8080 (http) with context path ''
2021-09-29 22:17:51.740  INFO FSSCHND1890 --- [  restartedMain] c.l.SpringLog4jPropertiesApplication     : Started SpringLog4jPropertiesApplication in 0.17 seconds (JVM running for 174.555)
2021-09-29 22:17:51.741  INFO FSSCHND1890 --- [  restartedMain] .ConditionEvaluationDeltaLoggingListener : Condition evaluation unchanged
2021-09-29 22:17:51.741 DEBUG FSSCHND1890 --- [  restartedMain] c.l.SpringLog4jPropertiesApplication     : App debug
2021-09-29 22:17:51.741  INFO FSSCHND1890 --- [  restartedMain] c.l.SpringLog4jPropertiesApplication     : App info
2021-09-29 22:17:51.741 ERROR FSSCHND1890 --- [  restartedMain] c.l.SpringLog4jPropertiesApplication     : App Error
2021-09-29 22:17:52.208  INFO FSSCHND1890 --- [n(13)-127.0.0.1] inMXBeanRegistrar$SpringApplicationAdmin : Application shutdown requested.
2021-09-29 22:17:56.451  INFO FSSCHND1890 --- [  restartedMain] c.l.SpringLog4jPropertiesApplication     : Starting SpringLog4jPropertiesApplication using Java 1.8.0_221 on FSSCHND1890 with PID 15300 (E:\STS_WORKSPACE\Spring-Log4j-Properties\target\classes started by training5 in E:\STS_WORKSPACE\Spring-Log4j-Properties)
2021-09-29 22:17:56.457 DEBUG FSSCHND1890 --- [  restartedMain] c.l.SpringLog4jPropertiesApplication     : Running with Spring Boot v2.5.5, Spring v5.3.10
2021-09-29 22:17:56.457  INFO FSSCHND1890 --- [  restartedMain] c.l.SpringLog4jPropertiesApplication     : No active profile set, falling back to default profiles: default
2021-09-29 22:17:56.485  INFO FSSCHND1890 --- [  restartedMain] .e.DevToolsPropertyDefaultsPostProcessor : Devtools property defaults active! Set 'spring.devtools.add-properties' to 'false' to disable
2021-09-29 22:17:56.485  INFO FSSCHND1890 --- [  restartedMain] .e.DevToolsPropertyDefaultsPostProcessor : For additional web related logging consider setting the 'logging.level.web' property to 'DEBUG'
2021-09-29 22:17:57.007  INFO FSSCHND1890 --- [  restartedMain] o.s.b.w.e.t.TomcatWebServer              : Tomcat initialized with port(s): 8080 (http)
2021-09-29 22:17:57.014  INFO FSSCHND1890 --- [  restartedMain] o.a.c.h.Http11NioProtocol                : Initializing ProtocolHandler ["http-nio-8080"]
2021-09-29 22:17:57.014  INFO FSSCHND1890 --- [  restartedMain] o.a.c.c.StandardService                  : Starting service [Tomcat]
2021-09-29 22:17:57.014  INFO FSSCHND1890 --- [  restartedMain] o.a.c.c.StandardEngine                   : Starting Servlet engine: [Apache Tomcat/9.0.53]
2021-09-29 22:17:57.066  INFO FSSCHND1890 --- [  restartedMain] o.a.c.c.C.[.[.[/]                        : Initializing Spring embedded WebApplicationContext
2021-09-29 22:17:57.066  INFO FSSCHND1890 --- [  restartedMain] w.s.c.ServletWebServerApplicationContext : Root WebApplicationContext: initialization completed in 580 ms
2021-09-29 22:17:57.316  INFO FSSCHND1890 --- [  restartedMain] o.s.b.d.a.OptionalLiveReloadServer       : LiveReload server is running on port 35729
2021-09-29 22:17:57.325  INFO FSSCHND1890 --- [  restartedMain] o.a.c.h.Http11NioProtocol                : Starting ProtocolHandler ["http-nio-8080"]
2021-09-29 22:17:57.336  INFO FSSCHND1890 --- [  restartedMain] o.s.b.w.e.t.TomcatWebServer              : Tomcat started on port(s): 8080 (http) with context path ''
2021-09-29 22:17:57.342  INFO FSSCHND1890 --- [  restartedMain] c.l.SpringLog4jPropertiesApplication     : Started SpringLog4jPropertiesApplication in 1.146 seconds (JVM running for 2.655)
2021-09-29 22:17:57.344 DEBUG FSSCHND1890 --- [  restartedMain] c.l.SpringLog4jPropertiesApplication     : App debug
2021-09-29 22:17:57.344  INFO FSSCHND1890 --- [  restartedMain] c.l.SpringLog4jPropertiesApplication     : App info
2021-09-29 22:17:57.344 ERROR FSSCHND1890 --- [  restartedMain] c.l.SpringLog4jPropertiesApplication     : App Error
